<?xml version="1.0" encoding="UTF-8"?>
<!-- Generated by org.testng.reporters.JUnitReportReporter -->
<testsuite skipped="0" hostname="ip-10-21-2-209.ec2.internal" name="Parallel04IT" tests="1" failures="0" timestamp="25 Jan 2019 15:25:09 GMT" time="0.142" errors="0">
  <testcase name="feature" time="0.142" classname="Parallel04IT"/>
</testsuite> <!-- Parallel04IT -->
